[INFO] 
╭──────────────┬─────────┬───────────┬─────────────────────┬────────────────────────────┬───────┬──────────┬───────────┬──────────────────────┬────────────────────────────╮
│ Product Name │ Version │ Component │ Vulnerability       │ Description                │ Score │ Severity │ TLP       │ Source               │ CSAF Assessments           │
├──────────────┼─────────┼───────────┼─────────────────────┼────────────────────────────┼───────┼──────────┼───────────┼──────────────────────┼────────────────────────────┤
│ Best Project │ 3.1.4   │           │ GHSA-65p9-r9h6-22vj │ AWS-LC has Timing Side-Cha │ 8.2   │ high     │ TLP:GREEN │ github-language-rust │                            │
│              │         │           │                     │ nnel in AES-CCM Tag Verifi │       │          │           │                      │                            │
│              │         │           │                     │ cation                     │       │          │           │                      │                            │
│ Best Project │ 3.1.4   │           │ GHSA-hfpc-8r3f-gw53 │ AWS-LC has PKCS7_verify Si │ 7.5   │ high     │ TLP:GREEN │ github-language-rust │                            │
│              │         │           │                     │ gnature Validation Bypass  │       │          │           │                      │                            │
│ Best Project │ 3.1.4   │           │ GHSA-qg5g-gv98-5ffh │ rustls network-reachable p │ 6.9   │ medium   │ TLP:GREEN │ github-language-rust │                            │
│              │         │           │                     │ anic in `Acceptor::accept` │       │          │           │                      │                            │
│ Best Project │ 3.1.4   │           │ GHSA-vw5v-4f2q-w9xf │ AWS-LC has PKCS7_verify Ce │ 8.7   │ high     │ TLP:GREEN │ github-language-rust │                            │
│              │         │           │                     │ rtificate Chain Validation │       │          │           │                      │                            │
│              │         │           │                     │  Bypass                    │       │          │           │                      │                            │
│ Your Project │ 1.0.0   │           │ GHSA-65p9-r9h6-22vj │ AWS-LC has Timing Side-Cha │ 8.2   │ high     │ Default   │ github-language-rust │                            │
│              │         │           │                     │ nnel in AES-CCM Tag Verifi │       │          │           │                      │                            │
│              │         │           │                     │ cation                     │       │          │           │                      │                            │
│ Your Project │ 1.0.0   │           │ GHSA-hfpc-8r3f-gw53 │ AWS-LC has PKCS7_verify Si │ 7.5   │ high     │ Default   │ github-language-rust │                            │
│              │         │           │                     │ gnature Validation Bypass  │       │          │           │                      │                            │
│ Your Project │ 1.0.0   │           │ GHSA-qg5g-gv98-5ffh │ rustls network-reachable p │ 6.9   │ medium   │ Default   │ github-language-rust │ known_affected, according  │
│              │         │           │                     │ anic in `Acceptor::accept` │       │          │           │                      │ to ghsa-qg5g-gv98-5ffh_adv │
│              │         │           │                     │                            │       │          │           │                      │ isory                      │
│ Your Project │ 1.0.0   │           │ GHSA-vw5v-4f2q-w9xf │ AWS-LC has PKCS7_verify Ce │ 8.7   │ high     │ Default   │ github-language-rust │                            │
│              │         │           │                     │ rtificate Chain Validation │       │          │           │                      │                            │
│              │         │           │                     │  Bypass                    │       │          │           │                      │                            │
│ Your Project │ 1.1.0   │           │ GHSA-65p9-r9h6-22vj │ AWS-LC has Timing Side-Cha │ 8.2   │ high     │ Default   │ github-language-rust │                            │
│              │         │           │                     │ nnel in AES-CCM Tag Verifi │       │          │           │                      │                            │
│              │         │           │                     │ cation                     │       │          │           │                      │                            │
│ Your Project │ 1.1.0   │           │ GHSA-hfpc-8r3f-gw53 │ AWS-LC has PKCS7_verify Si │ 7.5   │ high     │ Default   │ github-language-rust │                            │
│              │         │           │                     │ gnature Validation Bypass  │       │          │           │                      │                            │
│ Your Project │ 1.1.0   │           │ GHSA-qg5g-gv98-5ffh │ rustls network-reachable p │ 6.9   │ medium   │ Default   │ github-language-rust │ fixed, according to ghsa-q │
│              │         │           │                     │ anic in `Acceptor::accept` │       │          │           │                      │ g5g-gv98-5ffh_advisory, re │
│              │         │           │                     │                            │       │          │           │                      │ commended, according to gh │
│              │         │           │                     │                            │       │          │           │                      │ sa-qg5g-gv98-5ffh_advisory │
│ Your Project │ 1.1.0   │           │ GHSA-vw5v-4f2q-w9xf │ AWS-LC has PKCS7_verify Ce │ 8.7   │ high     │ Default   │ github-language-rust │                            │
│              │         │           │                     │ rtificate Chain Validation │       │          │           │                      │                            │
│              │         │           │                     │  Bypass                    │       │          │           │                      │                            │
╰──────────────┴─────────┴───────────┴─────────────────────┴────────────────────────────┴───────┴──────────┴───────────┴──────────────────────┴────────────────────────────╯
